<?xml version="1.0" encoding="UTF-8" ?>
<testsuite errors="1" failures="0" hostname="matthews-air.home" name="com.nerds.NerdControllerSpec" tests="7" time="6.761" timestamp="2014-10-03T20:07:42">
  <properties />
  <testcase classname="com.nerds.NerdControllerSpec" name="Test the index action returns the correct model" time="5.776" />
  <testcase classname="com.nerds.NerdControllerSpec" name="Test the create action returns the correct model" time="0.123" />
  <testcase classname="com.nerds.NerdControllerSpec" name="Test the save action correctly persists an instance" time="0.511" />
  <testcase classname="com.nerds.NerdControllerSpec" name="Test that the show action returns the correct model" time="0.036" />
  <testcase classname="com.nerds.NerdControllerSpec" name="Test that the edit action returns the correct model" time="0.03" />
  <testcase classname="com.nerds.NerdControllerSpec" name="Test the update action performs an update on a valid domain instance" time="0.124" />
  <testcase classname="com.nerds.NerdControllerSpec" name="Test that the delete action deletes an instance if it exists" time="0.103">
    <error message="No signature of method: com.nerds.NerdController.delete() is applicable for argument types: (null) values: [null]&#xa;Possible solutions: edit(), create(), update(), every(), edit(com.nerds.Nerd), sleep(long)" type="groovy.lang.MissingMethodException">groovy.lang.MissingMethodException: No signature of method: com.nerds.NerdController.delete() is applicable for argument types: (null) values: [null]
Possible solutions: edit(), create(), update(), every(), edit(com.nerds.Nerd), sleep(long)
	at com.nerds.NerdControllerSpec.Test that the delete action deletes an instance if it exists(NerdControllerSpec.groovy:136)
</error>
  </testcase>
  <system-out><![CDATA[--Output from Test the index action returns the correct model--
--Output from Test the create action returns the correct model--
--Output from Test the save action correctly persists an instance--
--Output from Test that the show action returns the correct model--
--Output from Test that the edit action returns the correct model--
--Output from Test the update action performs an update on a valid domain instance--
--Output from Test that the delete action deletes an instance if it exists--
]]></system-out>
  <system-err><![CDATA[--Output from Test the index action returns the correct model--
--Output from Test the create action returns the correct model--
--Output from Test the save action correctly persists an instance--
--Output from Test that the show action returns the correct model--
--Output from Test that the edit action returns the correct model--
--Output from Test the update action performs an update on a valid domain instance--
--Output from Test that the delete action deletes an instance if it exists--
]]></system-err>
</testsuite>
